2023-11-12 19:22:45.312 [info] Log level: Info
2023-11-12 19:22:45.313 [info] Validating found git in: "git"
2023-11-12 19:22:45.313 [info] Using git "2.34.1" from "git"
2023-11-12 19:24:55.036 [info] Log level: Info
2023-11-12 19:24:55.036 [info] Validating found git in: "git"
2023-11-12 19:24:55.036 [info] Using git "2.34.1" from "git"
2023-11-12 19:24:55.083 [info] > git rev-parse --show-toplevel [50ms]
2023-11-12 19:24:55.090 [info] > git rev-parse --git-dir --git-common-dir [2ms]
2023-11-12 19:24:55.113 [info] Open repository: /home/reddens/Desktop/siem_project
2023-11-12 19:24:55.147 [info] > git rev-parse --show-toplevel [7ms]
2023-11-12 19:24:55.149 [info] > git config --get commit.template [18ms]
2023-11-12 19:24:55.175 [info] > git rev-parse --show-toplevel [11ms]
2023-11-12 19:24:55.183 [info] > git rev-parse --show-toplevel [2ms]
2023-11-12 19:24:55.191 [info] > git rev-parse --show-toplevel [2ms]
2023-11-12 19:24:55.199 [info] > git rev-parse --show-toplevel [2ms]
2023-11-12 19:24:55.207 [info] > git rev-parse --show-toplevel [2ms]
2023-11-12 19:24:55.215 [info] > git rev-parse --show-toplevel [1ms]
2023-11-12 19:24:55.222 [info] > git rev-parse --show-toplevel [1ms]
2023-11-12 19:24:55.231 [info] > git rev-parse --show-toplevel [2ms]
2023-11-12 19:24:55.238 [info] > git rev-parse --show-toplevel [1ms]
2023-11-12 19:24:55.245 [info] > git rev-parse --show-toplevel [2ms]
2023-11-12 19:24:55.251 [info] > git rev-parse --show-toplevel [1ms]
2023-11-12 19:24:55.258 [info] > git rev-parse --show-toplevel [1ms]
2023-11-12 19:24:55.265 [info] > git rev-parse --show-toplevel [2ms]
2023-11-12 19:24:55.271 [info] > git rev-parse --show-toplevel [1ms]
2023-11-12 19:24:55.412 [info] > git for-each-ref --format=%(refname)%00%(upstream:short)%00%(objectname)%00%(upstream:track)%00%(upstream:remotename)%00%(upstream:remoteref) refs/heads/main refs/remotes/main [241ms]
2023-11-12 19:24:55.599 [info] > git status -z -uall [180ms]
2023-11-12 19:24:55.646 [info] > git config --get commit.template [8ms]
2023-11-12 19:24:55.667 [info] > git check-ignore -v -z --stdin [3ms]
2023-11-12 19:24:55.669 [info] > git for-each-ref --format=%(refname)%00%(upstream:short)%00%(objectname)%00%(upstream:track)%00%(upstream:remotename)%00%(upstream:remoteref) refs/heads/main refs/remotes/main [13ms]
2023-11-12 19:24:55.872 [info] > git status -z -uall [197ms]
2023-11-12 19:24:57.489 [info] > git config --get commit.template [8ms]
2023-11-12 19:24:57.490 [info] > git for-each-ref --format=%(refname)%00%(upstream:short)%00%(objectname)%00%(upstream:track)%00%(upstream:remotename)%00%(upstream:remoteref) refs/heads/main refs/remotes/main [3ms]
2023-11-12 19:24:57.501 [info] > git status -z -uall [3ms]
2023-11-12 19:25:01.763 [info] > git check-ignore -v -z --stdin [2ms]
2023-11-12 19:25:02.526 [info] > git config --get commit.template [7ms]
2023-11-12 19:25:02.527 [info] > git for-each-ref --format=%(refname)%00%(upstream:short)%00%(objectname)%00%(upstream:track)%00%(upstream:remotename)%00%(upstream:remoteref) refs/heads/main refs/remotes/main [3ms]
2023-11-12 19:25:02.535 [info] > git status -z -uall [3ms]
2023-11-12 19:25:07.566 [info] > git config --get commit.template [8ms]
2023-11-12 19:25:07.567 [info] > git for-each-ref --format=%(refname)%00%(upstream:short)%00%(objectname)%00%(upstream:track)%00%(upstream:remotename)%00%(upstream:remoteref) refs/heads/main refs/remotes/main [2ms]
2023-11-12 19:25:07.578 [info] > git status -z -uall [4ms]
2023-11-12 19:25:12.605 [info] > git config --get commit.template [7ms]
2023-11-12 19:25:12.606 [info] > git for-each-ref --format=%(refname)%00%(upstream:short)%00%(objectname)%00%(upstream:track)%00%(upstream:remotename)%00%(upstream:remoteref) refs/heads/main refs/remotes/main [2ms]
2023-11-12 19:25:12.614 [info] > git status -z -uall [3ms]
